<?xml version="1.0" encoding="UTF-8"?>
<!-- Generated by org.testng.reporters.JUnitReportReporter -->
<testsuite hostname="LAPTOP-88OL1HSR" failures="0" tests="1" name="com.Test.VerifyDataComparisionTest" time="32.670" errors="0" timestamp="2024-05-18T17:12:42 IST" skipped="0">
  <testcase classname="com.Test.VerifyDataComparisionTest" name="verifyDataComparision" time="32.670"/>
</testsuite> <!-- com.Test.VerifyDataComparisionTest -->
