<?xml version="1.0" encoding="UTF-8"?>
<!-- Generated by org.testng.reporters.JUnitReportReporter -->
<testsuite hostname="LAPTOP-88OL1HSR" failures="0" tests="1" name="com.Test.VerifyDataSourceUpload" time="19.949" errors="0" timestamp="2024-05-17T10:01:01 IST" skipped="0">
  <testcase classname="com.Test.VerifyDataSourceUpload" name="verifyDataSourceUpload" time="19.949"/>
</testsuite> <!-- com.Test.VerifyDataSourceUpload -->
