<?xml version="1.0" encoding="UTF-8"?>
<!-- Generated by org.testng.reporters.JUnitReportReporter -->
<testsuite hostname="LAPTOP-88OL1HSR" failures="0" tests="1" name="com.Test.VerifyDataSourceUploadTest" time="19.011" errors="0" timestamp="2024-05-18T17:12:42 IST" skipped="0">
  <testcase classname="com.Test.VerifyDataSourceUploadTest" name="verifyDataSourceUpload" time="19.011"/>
</testsuite> <!-- com.Test.VerifyDataSourceUploadTest -->
